CRITICAL - 2022-02-16 01:03:49 --> Invalid file: vBienvenida.php
#0 C:\wamp64\www\ci\system\View\View.php(198): CodeIgniter\Exceptions\FrameworkException::forInvalidFile('vBienvenida.php')
#1 C:\wamp64\www\ci\system\Common.php(1089): CodeIgniter\View\View->render('vBienvenida', Array, true)
#2 C:\wamp64\www\ci\app\Controllers\Home.php(13): view('vBienvenida')
#3 C:\wamp64\www\ci\system\CodeIgniter.php(825): App\Controllers\Home->bienvenida()
#4 C:\wamp64\www\ci\system\CodeIgniter.php(412): CodeIgniter\CodeIgniter->runController(Object(App\Controllers\Home))
#5 C:\wamp64\www\ci\system\CodeIgniter.php(320): CodeIgniter\CodeIgniter->handleRequest(NULL, Object(Config\Cache), false)
#6 C:\wamp64\www\ci\public\index.php(37): CodeIgniter\CodeIgniter->run()
#7 {main}
CRITICAL - 2022-02-16 01:03:58 --> Invalid file: vBienvenida.php
#0 C:\wamp64\www\ci\system\View\View.php(198): CodeIgniter\Exceptions\FrameworkException::forInvalidFile('vBienvenida.php')
#1 C:\wamp64\www\ci\system\Common.php(1089): CodeIgniter\View\View->render('vBienvenida', Array, true)
#2 C:\wamp64\www\ci\app\Controllers\Home.php(13): view('vBienvenida')
#3 C:\wamp64\www\ci\system\CodeIgniter.php(825): App\Controllers\Home->bienvenida()
#4 C:\wamp64\www\ci\system\CodeIgniter.php(412): CodeIgniter\CodeIgniter->runController(Object(App\Controllers\Home))
#5 C:\wamp64\www\ci\system\CodeIgniter.php(320): CodeIgniter\CodeIgniter->handleRequest(NULL, Object(Config\Cache), false)
#6 C:\wamp64\www\ci\public\index.php(37): CodeIgniter\CodeIgniter->run()
#7 {main}
CRITICAL - 2022-02-16 01:04:43 --> Invalid file: vBienvenida.php
#0 C:\wamp64\www\ci\system\View\View.php(198): CodeIgniter\Exceptions\FrameworkException::forInvalidFile('vBienvenida.php')
#1 C:\wamp64\www\ci\system\Common.php(1089): CodeIgniter\View\View->render('vBienvenida', Array, true)
#2 C:\wamp64\www\ci\app\Controllers\Home.php(13): view('vBienvenida')
#3 C:\wamp64\www\ci\system\CodeIgniter.php(825): App\Controllers\Home->bienvenida()
#4 C:\wamp64\www\ci\system\CodeIgniter.php(412): CodeIgniter\CodeIgniter->runController(Object(App\Controllers\Home))
#5 C:\wamp64\www\ci\system\CodeIgniter.php(320): CodeIgniter\CodeIgniter->handleRequest(NULL, Object(Config\Cache), false)
#6 C:\wamp64\www\ci\public\index.php(37): CodeIgniter\CodeIgniter->run()
#7 {main}
CRITICAL - 2022-02-16 01:06:54 --> Invalid file: vBienvenida.php
#0 C:\wamp64\www\ci\system\View\View.php(198): CodeIgniter\Exceptions\FrameworkException::forInvalidFile('vBienvenida.php')
#1 C:\wamp64\www\ci\system\Common.php(1089): CodeIgniter\View\View->render('vBienvenida', Array, true)
#2 C:\wamp64\www\ci\app\Controllers\Home.php(13): view('vBienvenida')
#3 C:\wamp64\www\ci\system\CodeIgniter.php(825): App\Controllers\Home->bienvenida()
#4 C:\wamp64\www\ci\system\CodeIgniter.php(412): CodeIgniter\CodeIgniter->runController(Object(App\Controllers\Home))
#5 C:\wamp64\www\ci\system\CodeIgniter.php(320): CodeIgniter\CodeIgniter->handleRequest(NULL, Object(Config\Cache), false)
#6 C:\wamp64\www\ci\public\index.php(37): CodeIgniter\CodeIgniter->run()
#7 {main}
CRITICAL - 2022-02-16 01:06:57 --> Invalid file: vBienvenida.php
#0 C:\wamp64\www\ci\system\View\View.php(198): CodeIgniter\Exceptions\FrameworkException::forInvalidFile('vBienvenida.php')
#1 C:\wamp64\www\ci\system\Common.php(1089): CodeIgniter\View\View->render('vBienvenida', Array, true)
#2 C:\wamp64\www\ci\app\Controllers\Home.php(13): view('vBienvenida')
#3 C:\wamp64\www\ci\system\CodeIgniter.php(825): App\Controllers\Home->bienvenida()
#4 C:\wamp64\www\ci\system\CodeIgniter.php(412): CodeIgniter\CodeIgniter->runController(Object(App\Controllers\Home))
#5 C:\wamp64\www\ci\system\CodeIgniter.php(320): CodeIgniter\CodeIgniter->handleRequest(NULL, Object(Config\Cache), false)
#6 C:\wamp64\www\ci\public\index.php(37): CodeIgniter\CodeIgniter->run()
#7 {main}
CRITICAL - 2022-02-16 01:06:57 --> Invalid file: vBienvenida.php
#0 C:\wamp64\www\ci\system\View\View.php(198): CodeIgniter\Exceptions\FrameworkException::forInvalidFile('vBienvenida.php')
#1 C:\wamp64\www\ci\system\Common.php(1089): CodeIgniter\View\View->render('vBienvenida', Array, true)
#2 C:\wamp64\www\ci\app\Controllers\Home.php(13): view('vBienvenida')
#3 C:\wamp64\www\ci\system\CodeIgniter.php(825): App\Controllers\Home->bienvenida()
#4 C:\wamp64\www\ci\system\CodeIgniter.php(412): CodeIgniter\CodeIgniter->runController(Object(App\Controllers\Home))
#5 C:\wamp64\www\ci\system\CodeIgniter.php(320): CodeIgniter\CodeIgniter->handleRequest(NULL, Object(Config\Cache), false)
#6 C:\wamp64\www\ci\public\index.php(37): CodeIgniter\CodeIgniter->run()
#7 {main}
