CRITICAL - 2022-02-18 00:01:00 --> Class 'App\Controllers\mUsuarios' not found
#0 C:\wamp64\www\ci\system\CodeIgniter.php(825): App\Controllers\Home->insertarForm()
#1 C:\wamp64\www\ci\system\CodeIgniter.php(412): CodeIgniter\CodeIgniter->runController(Object(App\Controllers\Home))
#2 C:\wamp64\www\ci\system\CodeIgniter.php(320): CodeIgniter\CodeIgniter->handleRequest(NULL, Object(Config\Cache), false)
#3 C:\wamp64\www\ci\public\index.php(37): CodeIgniter\CodeIgniter->run()
#4 {main}
CRITICAL - 2022-02-18 00:02:21 --> Class 'App\Models\mUsuarios' not found
#0 C:\wamp64\www\ci\system\CodeIgniter.php(825): App\Controllers\Home->insertarForm()
#1 C:\wamp64\www\ci\system\CodeIgniter.php(412): CodeIgniter\CodeIgniter->runController(Object(App\Controllers\Home))
#2 C:\wamp64\www\ci\system\CodeIgniter.php(320): CodeIgniter\CodeIgniter->handleRequest(NULL, Object(Config\Cache), false)
#3 C:\wamp64\www\ci\public\index.php(37): CodeIgniter\CodeIgniter->run()
#4 {main}
CRITICAL - 2022-02-18 00:07:32 --> Class 'App\Models\mUsuarios' not found
#0 C:\wamp64\www\ci\system\CodeIgniter.php(825): App\Controllers\Home->insertarForm()
#1 C:\wamp64\www\ci\system\CodeIgniter.php(412): CodeIgniter\CodeIgniter->runController(Object(App\Controllers\Home))
#2 C:\wamp64\www\ci\system\CodeIgniter.php(320): CodeIgniter\CodeIgniter->handleRequest(NULL, Object(Config\Cache), false)
#3 C:\wamp64\www\ci\public\index.php(37): CodeIgniter\CodeIgniter->run()
#4 {main}
CRITICAL - 2022-02-18 00:13:39 --> Class 'App\Models\mUsuarios' not found
#0 C:\wamp64\www\ci\system\CodeIgniter.php(825): App\Controllers\Home->insertarForm()
#1 C:\wamp64\www\ci\system\CodeIgniter.php(412): CodeIgniter\CodeIgniter->runController(Object(App\Controllers\Home))
#2 C:\wamp64\www\ci\system\CodeIgniter.php(320): CodeIgniter\CodeIgniter->handleRequest(NULL, Object(Config\Cache), false)
#3 C:\wamp64\www\ci\public\index.php(37): CodeIgniter\CodeIgniter->run()
#4 {main}
CRITICAL - 2022-02-18 00:23:10 --> Class 'App\Models\mUsuarios' not found
#0 C:\wamp64\www\ci\system\CodeIgniter.php(825): App\Controllers\Home->insertarForm()
#1 C:\wamp64\www\ci\system\CodeIgniter.php(412): CodeIgniter\CodeIgniter->runController(Object(App\Controllers\Home))
#2 C:\wamp64\www\ci\system\CodeIgniter.php(320): CodeIgniter\CodeIgniter->handleRequest(NULL, Object(Config\Cache), false)
#3 C:\wamp64\www\ci\public\index.php(37): CodeIgniter\CodeIgniter->run()
#4 {main}
CRITICAL - 2022-02-18 00:23:15 --> Class 'App\Models\mUsuarios' not found
#0 C:\wamp64\www\ci\system\CodeIgniter.php(825): App\Controllers\Home->insertarForm()
#1 C:\wamp64\www\ci\system\CodeIgniter.php(412): CodeIgniter\CodeIgniter->runController(Object(App\Controllers\Home))
#2 C:\wamp64\www\ci\system\CodeIgniter.php(320): CodeIgniter\CodeIgniter->handleRequest(NULL, Object(Config\Cache), false)
#3 C:\wamp64\www\ci\public\index.php(37): CodeIgniter\CodeIgniter->run()
#4 {main}
CRITICAL - 2022-02-18 00:28:40 --> Class 'App\Models\mUsuarios' not found
#0 C:\wamp64\www\ci\system\CodeIgniter.php(825): App\Controllers\Home->insertarForm()
#1 C:\wamp64\www\ci\system\CodeIgniter.php(412): CodeIgniter\CodeIgniter->runController(Object(App\Controllers\Home))
#2 C:\wamp64\www\ci\system\CodeIgniter.php(320): CodeIgniter\CodeIgniter->handleRequest(NULL, Object(Config\Cache), false)
#3 C:\wamp64\www\ci\public\index.php(37): CodeIgniter\CodeIgniter->run()
#4 {main}
CRITICAL - 2022-02-18 00:31:58 --> Class 'App\Models\mUsuarios' not found
#0 C:\wamp64\www\ci\system\CodeIgniter.php(825): App\Controllers\Home->insertarForm()
#1 C:\wamp64\www\ci\system\CodeIgniter.php(412): CodeIgniter\CodeIgniter->runController(Object(App\Controllers\Home))
#2 C:\wamp64\www\ci\system\CodeIgniter.php(320): CodeIgniter\CodeIgniter->handleRequest(NULL, Object(Config\Cache), false)
#3 C:\wamp64\www\ci\public\index.php(37): CodeIgniter\CodeIgniter->run()
#4 {main}
CRITICAL - 2022-02-18 00:32:02 --> Class 'App\Models\mUsuarios' not found
#0 C:\wamp64\www\ci\system\CodeIgniter.php(825): App\Controllers\Home->insertarForm()
#1 C:\wamp64\www\ci\system\CodeIgniter.php(412): CodeIgniter\CodeIgniter->runController(Object(App\Controllers\Home))
#2 C:\wamp64\www\ci\system\CodeIgniter.php(320): CodeIgniter\CodeIgniter->handleRequest(NULL, Object(Config\Cache), false)
#3 C:\wamp64\www\ci\public\index.php(37): CodeIgniter\CodeIgniter->run()
#4 {main}
CRITICAL - 2022-02-18 00:33:27 --> Class 'App\Models\mUsuarios' not found
#0 C:\wamp64\www\ci\system\CodeIgniter.php(825): App\Controllers\Home->insertarForm()
#1 C:\wamp64\www\ci\system\CodeIgniter.php(412): CodeIgniter\CodeIgniter->runController(Object(App\Controllers\Home))
#2 C:\wamp64\www\ci\system\CodeIgniter.php(320): CodeIgniter\CodeIgniter->handleRequest(NULL, Object(Config\Cache), false)
#3 C:\wamp64\www\ci\public\index.php(37): CodeIgniter\CodeIgniter->run()
#4 {main}
CRITICAL - 2022-02-18 00:36:34 --> Argument 2 passed to view() must be of the type array, null given, called in C:\wamp64\www\ci\app\Controllers\Home.php on line 26
#0 C:\wamp64\www\ci\app\Controllers\Home.php(26): view('vSucess', NULL)
#1 C:\wamp64\www\ci\system\CodeIgniter.php(825): App\Controllers\Home->insertarForm()
#2 C:\wamp64\www\ci\system\CodeIgniter.php(412): CodeIgniter\CodeIgniter->runController(Object(App\Controllers\Home))
#3 C:\wamp64\www\ci\system\CodeIgniter.php(320): CodeIgniter\CodeIgniter->handleRequest(NULL, Object(Config\Cache), false)
#4 C:\wamp64\www\ci\public\index.php(37): CodeIgniter\CodeIgniter->run()
#5 {main}
